<?xml version="1.0" encoding="utf-8"?><testsuites name="pytest tests"><testsuite name="pytest" errors="0" failures="0" skipped="0" tests="11" time="26.147" timestamp="2026-03-30T10:15:50.245134+00:00" hostname="agent-env-cdfd8c34-93f2-4948-8b6f-240e7437df63"><testcase classname="tests.test_poles_ai_features.TestAuth" name="test_login_direction_account" time="0.403" /><testcase classname="tests.test_poles_ai_features.TestAuth" name="test_login_invalid_credentials" time="0.155" /><testcase classname="tests.test_poles_ai_features.TestDomainesUsers" name="test_get_domaines" time="0.490" /><testcase classname="tests.test_poles_ai_features.TestDomainesUsers" name="test_get_domaine_users" time="0.540" /><testcase classname="tests.test_poles_ai_features.TestDomainesUsers" name="test_assign_user_to_domaine_auto_tools" time="1.018" /><testcase classname="tests.test_poles_ai_features.TestDomainesUsers" name="test_unassign_user_from_domaine" time="1.056" /><testcase classname="tests.test_poles_ai_features.TestAIChat" name="test_ai_chat_basic" time="5.305" /><testcase classname="tests.test_poles_ai_features.TestAIChat" name="test_ai_chat_platform_analysis" time="6.413" /><testcase classname="tests.test_poles_ai_features.TestAIChat" name="test_ai_get_history" time="9.683" /><testcase classname="tests.test_poles_ai_features.TestAIChat" name="test_ai_clear_history" time="0.558" /><testcase classname="tests.test_poles_ai_features.TestDashboardStats" name="test_dashboard_stats" time="0.441" /></testsuite></testsuites>