<?xml version="1.0" encoding="utf-8"?><testsuites name="pytest tests"><testsuite name="pytest" errors="0" failures="1" skipped="0" tests="17" time="19.621" timestamp="2026-03-31T09:44:44.898911+00:00" hostname="agent-env-cdfd8c34-93f2-4948-8b6f-240e7437df63"><testcase classname="backend.tests.test_mongodb_migration.TestAuth" name="test_login_success" time="0.418" /><testcase classname="backend.tests.test_mongodb_migration.TestAuth" name="test_login_invalid_credentials" time="0.107" /><testcase classname="backend.tests.test_mongodb_migration.TestDashboard" name="test_dashboard_stats" time="0.454" /><testcase classname="backend.tests.test_mongodb_migration.TestUsers" name="test_get_users" time="0.554" /><testcase classname="backend.tests.test_mongodb_migration.TestUsers" name="test_create_user" time="0.652"><failure message="AssertionError: assert 'test_user_bcae819e@test.com' == 'TEST_user_bcae819e@test.com'&#10;  &#10;  - TEST_user_bcae819e@test.com&#10;  ? ^^^^&#10;  + test_user_bcae819e@test.com&#10;  ? ^^^^">backend/tests/test_mongodb_migration.py:110: in test_create_user
    assert data["email"] == unique_email
E   AssertionError: assert 'test_user_bcae819e@test.com' == 'TEST_user_bcae819e@test.com'
E     
E     - TEST_user_bcae819e@test.com
E     ? ^^^^
E     + test_user_bcae819e@test.com
E     ? ^^^^</failure></testcase><testcase classname="backend.tests.test_mongodb_migration.TestDomaines" name="test_get_domaines" time="2.984" /><testcase classname="backend.tests.test_mongodb_migration.TestDomaines" name="test_create_domaine" time="0.554" /><testcase classname="backend.tests.test_mongodb_migration.TestDomaines" name="test_get_domaine_users" time="0.529" /><testcase classname="backend.tests.test_mongodb_migration.TestOutils" name="test_get_outils" time="0.430" /><testcase classname="backend.tests.test_mongodb_migration.TestOutils" name="test_create_outil_with_structured_roles" time="0.666" /><testcase classname="backend.tests.test_mongodb_migration.TestUserAssignment" name="test_assign_user_to_domaine_auto_assigns_tools" time="1.183" /><testcase classname="backend.tests.test_mongodb_migration.TestUserAssignment" name="test_unassign_user_from_domaine" time="1.267" /><testcase classname="backend.tests.test_mongodb_migration.TestAIChat" name="test_ai_chat_response" time="7.820" /><testcase classname="backend.tests.test_mongodb_migration.TestAIChat" name="test_ai_history" time="0.473" /><testcase classname="backend.tests.test_mongodb_migration.TestAIChat" name="test_ai_clear_history" time="0.434" /><testcase classname="backend.tests.test_mongodb_migration.TestAuditLogs" name="test_get_audit_logs" time="0.439" /><testcase classname="backend.tests.test_mongodb_migration.TestAuthMe" name="test_get_me" time="0.420" /></testsuite></testsuites>